<?xml version="1.0" encoding="UTF-8"?>
<Site BuildName="(empty)"
	BuildStamp="20240319-1511-Experimental"
	Name="dream-laptop"
	Generator="ctest-3.27.6"
	CompilerName="/usr/bin/clang++"
	CompilerVersion="10.0.0"
	OSName="Linux"
	Hostname="dream-laptop"
	OSRelease="5.15.0-100-generic"
	OSVersion="#110~20.04.1-Ubuntu SMP Tue Feb 13 14:25:03 UTC 2024"
	OSPlatform="x86_64"
	Is64Bits="1"
	VendorString="GenuineIntel"
	VendorID="Intel Corporation"
	FamilyID="6"
	ModelID="151"
	ProcessorCacheSize="25600"
	NumberOfLogicalCPU="24"
	NumberOfPhysicalCPU="16"
	TotalVirtualMemory="2047"
	TotalPhysicalMemory="31775"
	LogicalProcessorsPerPhysical="1"
	ProcessorClockFrequency="1930.51"
	>
	<Testing>
		<StartDateTime>Mar 19 16:11 CET</StartDateTime>
		<StartTestTime>1710861071</StartTestTime>
		<TestList/>
		<EndDateTime>Mar 19 16:11 CET</EndDateTime>
		<EndTestTime>1710861071</EndTestTime>
		<ElapsedMinutes>0</ElapsedMinutes>
	</Testing>
</Site>
